<?xml version="1.0" encoding="UTF-8"?>
<testng-results skipped="0" failed="0" total="1" passed="1">
  <reporter-output>
  </reporter-output>
  <suite name="Default suite" duration-ms="58659" started-at="2018-08-23T19:54:30Z" finished-at="2018-08-23T19:55:28Z">
    <groups>
    </groups>
    <test name="Default test" duration-ms="58659" started-at="2018-08-23T19:54:30Z" finished-at="2018-08-23T19:55:28Z">
      <class name="Register.RegisterTest">
        <test-method status="PASS" signature="beforeTest()[pri:0, instance:Register.RegisterTest@6276ae34]" name="beforeTest" is-config="true" duration-ms="18600" started-at="2018-08-24T01:24:30Z" finished-at="2018-08-24T01:24:48Z">
          <reporter-output>
          </reporter-output>
        </test-method> <!-- beforeTest -->
        <test-method status="PASS" signature="Register()[pri:0, instance:Register.RegisterTest@6276ae34]" name="Register" duration-ms="40039" started-at="2018-08-24T01:24:48Z" finished-at="2018-08-24T01:25:28Z">
          <reporter-output>
          </reporter-output>
        </test-method> <!-- Register -->
        <test-method status="PASS" signature="afterTest()[pri:0, instance:Register.RegisterTest@6276ae34]" name="afterTest" is-config="true" duration-ms="0" started-at="2018-08-24T01:25:28Z" finished-at="2018-08-24T01:25:28Z">
          <reporter-output>
          </reporter-output>
        </test-method> <!-- afterTest -->
      </class> <!-- Register.RegisterTest -->
    </test> <!-- Default test -->
  </suite> <!-- Default suite -->
</testng-results>
